# JRE version: OpenJDK Runtime Environment (11.0.8+10) (build 11.0.8+10-b944.6842174)
# Java VM: OpenJDK 64-Bit Server VM (11.0.8+10-b944.6842174, mixed mode, tiered, compressed oops, g1 gc, windows-amd64)
Heap:
 garbage-first heap   total 131072K, used 87734K [0x00000000a0000000, 0x0000000100000000)
  region size 1024K, 23 young (23552K), 4 survivors (4096K)
 Metaspace       used 80326K, capacity 82609K, committed 82944K, reserved 1120256K
  class space    used 10290K, capacity 11150K, committed 11264K, reserved 1048576K
GC Heap History (20 events):
Event: 20.780 GC heap before
{Heap before GC invocations=12 (full 0):
 garbage-first heap   total 131072K, used 99090K [0x00000000a0000000, 0x0000000100000000)
  region size 1024K, 69 young (70656K), 10 survivors (10240K)
 Metaspace       used 52211K, capacity 53384K, committed 53504K, reserved 1095680K
  class space    used 6646K, capacity 7054K, committed 7168K, reserved 1048576K
}
Event: 20.796 GC heap after
{Heap after GC invocations=13 (full 0):
 garbage-first heap   total 131072K, used 42230K [0x00000000a0000000, 0x0000000100000000)
  region size 1024K, 4 young (4096K), 4 survivors (4096K)
 Metaspace       used 52211K, capacity 53384K, committed 53504K, reserved 1095680K
  class space    used 6646K, capacity 7054K, committed 7168K, reserved 1048576K
}
Event: 27.737 GC heap before
{Heap before GC invocations=13 (full 0):
 garbage-first heap   total 131072K, used 99574K [0x00000000a0000000, 0x0000000100000000)
  region size 1024K, 60 young (61440K), 4 survivors (4096K)
 Metaspace       used 58987K, capacity 60261K, committed 60416K, reserved 1101824K
  class space    used 7437K, capacity 7884K, committed 7936K, reserved 1048576K
}
Event: 27.747 GC heap after
{Heap after GC invocations=14 (full 0):
 garbage-first heap   total 131072K, used 45743K [0x00000000a0000000, 0x0000000100000000)
  region size 1024K, 8 young (8192K), 8 survivors (8192K)
 Metaspace       used 58987K, capacity 60261K, committed 60416K, reserved 1101824K
  class space    used 7437K, capacity 7884K, committed 7936K, reserved 1048576K
}
Event: 28.631 GC heap before
{Heap before GC invocations=14 (full 0):
 garbage-first heap   total 131072K, used 100015K [0x00000000a0000000, 0x0000000100000000)
  region size 1024K, 62 young (63488K), 8 survivors (8192K)
 Metaspace       used 60551K, capacity 62032K, committed 62208K, reserved 1103872K
  class space    used 7649K, capacity 8151K, committed 8192K, reserved 1048576K
}
Event: 28.648 GC heap after
{Heap after GC invocations=15 (full 0):
 garbage-first heap   total 131072K, used 49629K [0x00000000a0000000, 0x0000000100000000)
  region size 1024K, 8 young (8192K), 8 survivors (8192K)
 Metaspace       used 60551K, capacity 62032K, committed 62208K, reserved 1103872K
  class space    used 7649K, capacity 8151K, committed 8192K, reserved 1048576K
}
Event: 30.006 GC heap before
{Heap before GC invocations=15 (full 0):
 garbage-first heap   total 131072K, used 102877K [0x00000000a0000000, 0x0000000100000000)
  region size 1024K, 60 young (61440K), 8 survivors (8192K)
 Metaspace       used 64407K, capacity 65993K, committed 66304K, reserved 1105920K
  class space    used 8283K, capacity 8877K, committed 8960K, reserved 1048576K
}
Event: 30.027 GC heap after
{Heap after GC invocations=16 (full 0):
 garbage-first heap   total 131072K, used 53764K [0x00000000a0000000, 0x0000000100000000)
  region size 1024K, 8 young (8192K), 8 survivors (8192K)
 Metaspace       used 64407K, capacity 65993K, committed 66304K, reserved 1105920K
  class space    used 8283K, capacity 8877K, committed 8960K, reserved 1048576K
}
Event: 30.867 GC heap before
{Heap before GC invocations=16 (full 0):
 garbage-first heap   total 131072K, used 103940K [0x00000000a0000000, 0x0000000100000000)
  region size 1024K, 57 young (58368K), 8 survivors (8192K)
 Metaspace       used 67222K, capacity 68810K, committed 68992K, reserved 1110016K
  class space    used 8696K, capacity 9257K, committed 9344K, reserved 1048576K
}
Event: 30.884 GC heap after
{Heap after GC invocations=17 (full 0):
 garbage-first heap   total 131072K, used 57835K [0x00000000a0000000, 0x0000000100000000)
  region size 1024K, 8 young (8192K), 8 survivors (8192K)
 Metaspace       used 67222K, capacity 68810K, committed 68992K, reserved 1110016K
  class space    used 8696K, capacity 9257K, committed 9344K, reserved 1048576K
}
Event: 31.353 GC heap before
{Heap before GC invocations=17 (full 0):
 garbage-first heap   total 131072K, used 89579K [0x00000000a0000000, 0x0000000100000000)
  region size 1024K, 40 young (40960K), 8 survivors (8192K)
 Metaspace       used 68437K, capacity 70318K, committed 70400K, reserved 1110016K
  class space    used 8898K, capacity 9599K, committed 9600K, reserved 1048576K
}
Event: 31.376 GC heap after
{Heap after GC invocations=18 (full 0):
 garbage-first heap   total 131072K, used 61547K [0x00000000a0000000, 0x0000000100000000)
  region size 1024K, 4 young (4096K), 4 survivors (4096K)
 Metaspace       used 68437K, capacity 70318K, committed 70400K, reserved 1110016K
  class space    used 8898K, capacity 9599K, committed 9600K, reserved 1048576K
}
Event: 32.550 GC heap before
{Heap before GC invocations=19 (full 0):
 garbage-first heap   total 131072K, used 101483K [0x00000000a0000000, 0x0000000100000000)
  region size 1024K, 43 young (44032K), 4 survivors (4096K)
 Metaspace       used 72134K, capacity 74062K, committed 74240K, reserved 1114112K
  class space    used 9476K, capacity 10217K, committed 10240K, reserved 1048576K
}
Event: 32.562 GC heap after
{Heap after GC invocations=20 (full 0):
 garbage-first heap   total 131072K, used 62821K [0x00000000a0000000, 0x0000000100000000)
  region size 1024K, 5 young (5120K), 5 survivors (5120K)
 Metaspace       used 72134K, capacity 74062K, committed 74240K, reserved 1114112K
  class space    used 9476K, capacity 10217K, committed 10240K, reserved 1048576K
}
Event: 34.823 GC heap before
{Heap before GC invocations=20 (full 0):
 garbage-first heap   total 131072K, used 103781K [0x00000000a0000000, 0x0000000100000000)
  region size 1024K, 45 young (46080K), 5 survivors (5120K)
 Metaspace       used 74793K, capacity 76738K, committed 77056K, reserved 1116160K
  class space    used 9837K, capacity 10631K, committed 10752K, reserved 1048576K
}
Event: 34.840 GC heap after
{Heap after GC invocations=21 (full 0):
 garbage-first heap   total 131072K, used 66980K [0x00000000a0000000, 0x0000000100000000)
  region size 1024K, 6 young (6144K), 6 survivors (6144K)
 Metaspace       used 74793K, capacity 76738K, committed 77056K, reserved 1116160K
  class space    used 9837K, capacity 10631K, committed 10752K, reserved 1048576K
}
Event: 212.081 GC heap before
{Heap before GC invocations=21 (full 0):
 garbage-first heap   total 131072K, used 104868K [0x00000000a0000000, 0x0000000100000000)
  region size 1024K, 44 young (45056K), 6 survivors (6144K)
 Metaspace       used 79429K, capacity 81687K, committed 81792K, reserved 1120256K
  class space    used 10272K, capacity 11117K, committed 11136K, reserved 1048576K
}
Event: 212.099 GC heap after
{Heap after GC invocations=22 (full 0):
 garbage-first heap   total 131072K, used 68022K [0x00000000a0000000, 0x0000000100000000)
  region size 1024K, 2 young (2048K), 2 survivors (2048K)
 Metaspace       used 79429K, capacity 81687K, committed 81792K, reserved 1120256K
  class space    used 10272K, capacity 11117K, committed 11136K, reserved 1048576K
}
Event: 590.146 GC heap before
{Heap before GC invocations=23 (full 0):
 garbage-first heap   total 131072K, used 106934K [0x00000000a0000000, 0x0000000100000000)
  region size 1024K, 40 young (40960K), 2 survivors (2048K)
 Metaspace       used 80041K, capacity 82411K, committed 82688K, reserved 1120256K
  class space    used 10283K, capacity 11137K, committed 11264K, reserved 1048576K
}
Event: 590.155 GC heap after
{Heap after GC invocations=24 (full 0):
 garbage-first heap   total 131072K, used 70326K [0x00000000a0000000, 0x0000000100000000)
  region size 1024K, 4 young (4096K), 4 survivors (4096K)
 Metaspace       used 80041K, capacity 82411K, committed 82688K, reserved 1120256K
  class space    used 10283K, capacity 11137K, committed 11264K, reserved 1048576K
}

